20241024	17:35:07	a62c3e07-cd27-4c32-bec7-42a62a813158	POST	/auth/register	undefined
20241024	17:36:15	7dfea3a8-0e84-433a-8da5-89cd976bfa67	POST	/auth/login	undefined
20241024	21:11:21	85a1a279-2c47-4064-86a1-f837e1dd8659	OPTIONS	/auth/login	http://localhost:3000
20241024	21:11:21	4ddfa8e5-a378-4368-958f-3c37704b01bb	POST	/auth/login	http://localhost:3000
20241024	21:51:08	b9a959d4-7696-425c-a78a-fdc0953536ca	OPTIONS	/auth/logout	http://localhost:3000
20241024	21:51:08	53409101-5278-48af-895d-3ead4017a9f7	POST	/auth/logout	http://localhost:3000
20241024	21:51:12	ca7261f4-1891-4df3-a82f-071c35777a7c	OPTIONS	/auth/login	http://localhost:3000
20241024	21:51:12	bff91412-39d6-4432-ab8b-c481923df1a8	POST	/auth/login	http://localhost:3000
20241024	22:03:43	a8eda339-42eb-4e8d-8c3e-57e1a4c8960a	OPTIONS	/auth/logout	http://localhost:3000
20241024	22:03:43	69574eb0-c680-4ac2-b750-999a98aac1c3	POST	/auth/logout	http://localhost:3000
20241024	22:14:36	099d4b46-db71-4912-a764-16891bf75b89	OPTIONS	/auth/register	http://localhost:3000
20241024	22:14:36	66ef3b9a-5b21-4b78-893a-12ebed4d7f56	POST	/auth/register	http://localhost:3000
20241024	22:31:17	c81335a3-0e8a-41ba-a713-e469aa55593d	OPTIONS	/auth/login	http://localhost:3000
20241024	22:31:17	f6a47737-14fe-4053-8170-adb6e254f5c7	POST	/auth/login	http://localhost:3000
20241024	22:31:29	2fc9af7c-59e0-45eb-8d5e-68db09fe1bcb	OPTIONS	/auth/logout	http://localhost:3000
20241024	22:31:29	f3b90325-5de9-49b2-8707-fff7ec6c26f9	POST	/auth/logout	http://localhost:3000
20241024	22:39:56	94ea5e68-1764-4ad1-8254-1ec146fb9589	OPTIONS	/auth/register	http://localhost:3000
20241024	22:39:56	c57f4a9c-4435-4771-afc9-b249dacce62f	POST	/auth/register	http://localhost:3000
20241024	22:41:19	7e60d4aa-9cc8-4230-9765-a55a1b1648a1	OPTIONS	/auth/register	http://localhost:3000
20241024	22:41:19	345b10ed-5f3d-4f4b-b426-d7a74eb79131	POST	/auth/register	http://localhost:3000
20241024	22:42:03	8c9e9366-4307-4363-adfd-60a2407f51b6	OPTIONS	/auth/register	http://localhost:3000
20241024	22:42:03	306b2f2f-1cb9-4fae-83a1-9a8431adeea9	POST	/auth/register	http://localhost:3000
20241024	22:42:07	5f6cb8da-2624-4857-adbd-03d16d654c6d	POST	/auth/register	http://localhost:3000
20241024	22:42:36	5e303f1f-db90-4b4a-8fe9-7a9921165999	OPTIONS	/auth/register	http://localhost:3000
20241024	22:42:36	052028c4-f5f2-452a-b4c2-c4bbeb47cdce	POST	/auth/register	http://localhost:3000
20241024	22:42:44	13ded98c-8834-4058-8901-2b995dc5d26d	OPTIONS	/auth/register	http://localhost:3000
20241024	22:42:44	f6adc465-87c8-47a5-bf60-9060b1b0b647	POST	/auth/register	http://localhost:3000
20241024	22:42:53	ab14f740-ebd7-4e0d-9889-6e100d3935f7	OPTIONS	/auth/register	http://localhost:3000
20241024	22:42:53	d9913852-ec9c-445a-b0dd-8e432f40452d	POST	/auth/register	http://localhost:3000
20241024	22:45:48	a8745a3b-6162-4d73-9c5e-b00cf6e24d5d	OPTIONS	/auth/register	http://localhost:3000
20241024	22:45:48	93f76497-f3d4-4711-b5be-296698be1e2a	POST	/auth/register	http://localhost:3000
20241024	22:45:54	b2427c9c-ff0b-491b-9209-74ddf5ac5412	OPTIONS	/auth/register	http://localhost:3000
20241024	22:45:54	398bef8a-e59a-470e-9cd1-102c50927e91	POST	/auth/register	http://localhost:3000
20241024	22:50:55	e8016599-0de2-46fa-91a2-2ca5053c0195	OPTIONS	/auth/register	http://localhost:3000
20241024	22:50:55	02fedc06-ce77-43d4-9689-add421c5e80d	POST	/auth/register	http://localhost:3000
20241024	22:53:44	6337592f-86f8-4554-96ef-943618e20441	OPTIONS	/auth/register	http://localhost:3000
20241024	22:53:44	fce8151a-fbef-41fc-8f5f-d0df186a3024	POST	/auth/register	http://localhost:3000
20241024	22:53:54	24979fdf-ce06-4276-bae8-c26668c85e5d	OPTIONS	/auth/register	http://localhost:3000
20241024	22:53:54	ceab29ba-4fb4-4941-a529-6303dabffd14	POST	/auth/register	http://localhost:3000
20241024	23:00:33	eca7cc0f-f621-4431-a9bb-95e6ab5acec2	OPTIONS	/auth/register	http://localhost:3000
20241024	23:00:33	9fc8cee8-2dd6-4399-935b-1bb4f903b630	POST	/auth/register	http://localhost:3000
20241024	23:00:43	e2abc42f-57c6-419c-aa54-2c6ade0a1fa4	OPTIONS	/auth/register	http://localhost:3000
20241024	23:00:43	23b58e7e-4f0a-432c-bb34-add79bc1a461	POST	/auth/register	http://localhost:3000
20241024	23:00:55	68243131-cd09-47c6-8153-58a92cf90447	OPTIONS	/auth/login	http://localhost:3000
20241024	23:00:55	af3d3f9f-338f-4de2-b49b-68a5ae2150d0	POST	/auth/login	http://localhost:3000
20241024	23:52:17	4c4d6816-ec32-4181-915f-184960d9d244	OPTIONS	/auth/logout	http://localhost:3000
20241024	23:52:17	f47a3d06-d7de-4525-987e-a35e06c97229	POST	/auth/logout	http://localhost:3000
20241025	10:10:58	8c35165d-e7ae-456b-aa49-db2028b20dff	OPTIONS	/auth/login	http://localhost:3000
20241025	10:10:58	b96339d1-6dc4-48ae-be5d-f26fbb117f5e	POST	/auth/login	http://localhost:3000
20241025	10:21:07	0f2ac525-eec0-4281-8693-42e5f8f89056	OPTIONS	/auth/logout	http://localhost:3000
20241025	10:21:07	6941c5b1-dbd7-47d5-962f-b9c9d34e05b4	POST	/auth/logout	http://localhost:3000
20241025	10:24:16	78c93ee1-2f9b-4bd0-9805-1fc36b8c920a	OPTIONS	/auth/register	http://localhost:3000
20241025	10:24:16	dc6c0e69-a7c0-47b2-8bba-f33dcd7866fc	POST	/auth/register	http://localhost:3000
20241025	10:24:24	d36f2758-a99f-477e-9451-05e73adf0725	OPTIONS	/auth/register	http://localhost:3000
20241025	10:24:24	094cc663-9c64-4162-915e-95261bbd5abe	POST	/auth/register	http://localhost:3000
20241025	10:24:57	30fdc317-d297-466d-8e4d-7c4f6898c9da	OPTIONS	/auth/register	http://localhost:3000
20241025	10:24:57	52117790-2698-4b0c-92ad-b5a6d0c25aca	POST	/auth/register	http://localhost:3000
20241025	10:25:51	3324568e-e27d-4033-8c88-38ee084a28a8	OPTIONS	/auth/register	http://localhost:3000
20241025	10:25:51	5d903a6a-da10-404d-a528-d98070061d18	POST	/auth/register	http://localhost:3000
20241025	10:26:18	63f71f14-69f3-4432-8554-7b0d04625bce	OPTIONS	/auth/register	http://localhost:3000
20241025	10:26:18	a31ee462-4b74-4c59-9186-57737546d6a9	POST	/auth/register	http://localhost:3000
20241025	10:30:49	8a57ae0e-c4ec-4565-9cb8-9929f37d0556	OPTIONS	/auth/login	http://localhost:3000
20241025	10:30:49	e1501272-d352-4a24-b4eb-06693be15331	POST	/auth/login	http://localhost:3000
20241025	10:33:07	3f7bdb46-d49b-4810-ab6d-ac1115d86144	OPTIONS	/auth/logout	http://localhost:3000
20241025	10:33:07	1336b875-d0ed-4248-896f-e733fa0db386	POST	/auth/logout	http://localhost:3000
20241025	10:33:59	da954923-82ac-4247-8a5e-d1a6bf4c2b9c	OPTIONS	/auth/login	http://localhost:3000
20241025	10:33:59	2ed89605-eb51-45ac-9f92-c8dda065aadc	POST	/auth/login	http://localhost:3000
20241025	10:34:31	3159338a-a423-4cbb-93bb-c80904ea99ea	OPTIONS	/auth/logout	http://localhost:3000
20241025	10:34:31	da874f03-34d7-4d0d-bfa4-560d4ed63200	POST	/auth/logout	http://localhost:3000
20241025	10:34:33	a2787ffa-ceca-4de4-8345-7e86a9408037	OPTIONS	/auth/login	http://localhost:3000
20241025	10:34:33	593738af-f612-4f68-975d-efba57b35495	POST	/auth/login	http://localhost:3000
20241025	11:33:25	c227046a-7e70-4ced-95bf-dc4a1e688f89	OPTIONS	/auth/login	https://hospital-app-sigma.vercel.app
20241025	11:33:46	c7141303-7298-47a3-bcb1-57355d8a5abe	OPTIONS	/auth/login	https://hospital-app-sigma.vercel.app
20241025	11:35:35	84767201-1741-4f51-9e41-10b7231d4ca7	OPTIONS	/auth/login	https://hospital-app-sigma.vercel.app
20241025	11:42:04	3cb767a6-9590-4b86-a070-b4fe7c6ff717	OPTIONS	/auth/login	https://hospital-app-sigma.vercel.app
20241025	11:42:38	6e600473-237e-4bc6-ac1b-ff439e0c9a4e	OPTIONS	/auth/login	https://hospital-app-sigma.vercel.app
20241025	11:44:02	a3b69532-55cd-42e2-b4bf-eddd08994b71	OPTIONS	/auth/login	https://hospital-app-sigma.vercel.app
20241025	11:44:11	161452ef-6ea6-441e-9e19-62de3a35474c	OPTIONS	/auth/login	https://hospital-app-sigma.vercel.app
20241025	11:48:41	ad3230b0-2bb3-49eb-9635-d01d6ff8e952	OPTIONS	/auth/login	https://hospital-app-sigma.vercel.app
20241025	11:48:49	3617812d-8f92-4745-b558-820563b0b24b	OPTIONS	/auth/login	https://hospital-app-sigma.vercel.app
